<?xml version="1.0" encoding="UTF-8"?>
<!-- Generated by org.testng.reporters.JUnitReportReporter -->
<testsuite hostname="pc-visiteur1" failures="0" tests="1" name="scenarios.AppiumTest" time="7.946" errors="0" timestamp="2022-01-05T00:14:12 WAT" skipped="0">
  <testcase classname="scenarios.AppiumTest" name="falseLoginTest" time="7.946"/>
  <system-out/>
</testsuite> <!-- scenarios.AppiumTest -->
