<?xml version="1.0" encoding="UTF-8"?>
<!-- Generated by org.testng.reporters.JUnitReportReporter -->
<testsuite hostname="pc-visiteur1" failures="0" tests="1" name="Tests.DefaultPageTest" time="7.423" errors="0" timestamp="2022-01-06T17:13:35 WAT" skipped="0">
  <testcase classname="Tests.DefaultPageTest" name="DefaultPageTest" time="7.423"/>
  <system-out/>
</testsuite> <!-- Tests.DefaultPageTest -->
