<?xml version="1.0" encoding="UTF-8"?>
<!-- Generated by org.testng.reporters.JUnitReportReporter -->
<testsuite hostname="pc-visiteur1" failures="0" tests="2" name="Tests.HomePageTest" time="9.778" errors="0" timestamp="2022-01-06T17:13:35 WAT" skipped="0">
  <testcase classname="Tests.HomePageTest" name="Check_Topnet_Logo_Display" time="0.038"/>
  <system-out/>
  <testcase classname="Tests.HomePageTest" name="Check_Menu_Display" time="9.740"/>
  <system-out/>
</testsuite> <!-- Tests.HomePageTest -->
